Generated at 2020-12-03 14:37:40 +0000
Mixlib::ShellOut::ShellCommandFailed: execute[enable-prefork] (lamp_stack::apache line 66) had an error: Mixlib::ShellOut::ShellCommandFailed: Expected process to exit with [0], but received '1'
---- Begin output of a2enmod mpm_prefork ----
STDOUT: Considering conflict mpm_event for mpm_prefork:
Considering conflict mpm_worker for mpm_prefork:
STDERR: ERROR: Module mpm_event is enabled - cannot proceed due to conflicts. It needs to be disabled first!
---- End output of a2enmod mpm_prefork ----
Ran a2enmod mpm_prefork returned 1
/opt/chef-workstation/embedded/lib/ruby/gems/2.7.0/gems/mixlib-shellout-3.2.0/lib/mixlib/shellout.rb:300:in `invalid!'
/opt/chef-workstation/embedded/lib/ruby/gems/2.7.0/gems/mixlib-shellout-3.2.0/lib/mixlib/shellout.rb:287:in `error!'
/opt/chef-workstation/embedded/lib/ruby/gems/2.7.0/gems/mixlib-shellout-3.2.0/lib/mixlib/shellout/helper.rb:130:in `shell_out_compacted!'
/opt/chef-workstation/embedded/lib/ruby/gems/2.7.0/gems/mixlib-shellout-3.2.0/lib/mixlib/shellout/helper.rb:54:in `shell_out!'
/opt/chef-workstation/embedded/lib/ruby/gems/2.7.0/gems/chef-16.6.14/lib/chef/provider/execute.rb:52:in `block (2 levels) in <class:Execute>'
/opt/chef-workstation/embedded/lib/ruby/gems/2.7.0/gems/chef-16.6.14/lib/chef/mixin/why_run.rb:51:in `add_action'
/opt/chef-workstation/embedded/lib/ruby/gems/2.7.0/gems/chef-16.6.14/lib/chef/provider.rb:265:in `converge_by'
/opt/chef-workstation/embedded/lib/ruby/gems/2.7.0/gems/chef-16.6.14/lib/chef/provider/execute.rb:50:in `block in <class:Execute>'
(eval):2:in `block in action_run'
/opt/chef-workstation/embedded/lib/ruby/gems/2.7.0/gems/chef-16.6.14/lib/chef/provider.rb:276:in `instance_eval'
/opt/chef-workstation/embedded/lib/ruby/gems/2.7.0/gems/chef-16.6.14/lib/chef/provider.rb:276:in `compile_and_converge_action'
(eval):2:in `action_run'
/opt/chef-workstation/embedded/lib/ruby/gems/2.7.0/gems/chef-16.6.14/lib/chef/provider.rb:217:in `run_action'
/opt/chef-workstation/embedded/lib/ruby/gems/2.7.0/gems/chef-16.6.14/lib/chef/resource.rb:599:in `block in run_action'
/opt/chef-workstation/embedded/lib/ruby/gems/2.7.0/gems/chef-16.6.14/lib/chef/resource.rb:626:in `with_umask'
/opt/chef-workstation/embedded/lib/ruby/gems/2.7.0/gems/chef-16.6.14/lib/chef/resource.rb:598:in `run_action'
/opt/chef-workstation/embedded/lib/ruby/gems/2.7.0/gems/chef-16.6.14/lib/chef/runner.rb:74:in `run_action'
/opt/chef-workstation/embedded/lib/ruby/gems/2.7.0/gems/chef-16.6.14/lib/chef/runner.rb:168:in `run_delayed_notification'
/opt/chef-workstation/embedded/lib/ruby/gems/2.7.0/gems/chef-16.6.14/lib/chef/runner.rb:155:in `block in run_delayed_notifications'
/opt/chef-workstation/embedded/lib/ruby/gems/2.7.0/gems/chef-16.6.14/lib/chef/runner.rb:154:in `each'
/opt/chef-workstation/embedded/lib/ruby/gems/2.7.0/gems/chef-16.6.14/lib/chef/runner.rb:154:in `run_delayed_notifications'
/opt/chef-workstation/embedded/lib/ruby/gems/2.7.0/gems/chef-16.6.14/lib/chef/runner.rb:144:in `converge'
/opt/chef-workstation/embedded/lib/ruby/gems/2.7.0/gems/chef-16.6.14/lib/chef/client.rb:684:in `block in converge'
/opt/chef-workstation/embedded/lib/ruby/gems/2.7.0/gems/chef-16.6.14/lib/chef/client.rb:679:in `catch'
/opt/chef-workstation/embedded/lib/ruby/gems/2.7.0/gems/chef-16.6.14/lib/chef/client.rb:679:in `converge'
/opt/chef-workstation/embedded/lib/ruby/gems/2.7.0/gems/chef-16.6.14/lib/chef/client.rb:703:in `converge_and_save'
/opt/chef-workstation/embedded/lib/ruby/gems/2.7.0/gems/chef-16.6.14/lib/chef/client.rb:283:in `run'
/opt/chef-workstation/embedded/lib/ruby/gems/2.7.0/gems/chef-16.6.14/lib/chef/application.rb:305:in `run_with_graceful_exit_option'
/opt/chef-workstation/embedded/lib/ruby/gems/2.7.0/gems/chef-16.6.14/lib/chef/application.rb:281:in `block in run_chef_client'
/opt/chef-workstation/embedded/lib/ruby/gems/2.7.0/gems/chef-16.6.14/lib/chef/local_mode.rb:42:in `with_server_connectivity'
/opt/chef-workstation/embedded/lib/ruby/gems/2.7.0/gems/chef-16.6.14/lib/chef/application.rb:264:in `run_chef_client'
/opt/chef-workstation/embedded/lib/ruby/gems/2.7.0/gems/chef-16.6.14/lib/chef/application/base.rb:337:in `run_application'
/opt/chef-workstation/embedded/lib/ruby/gems/2.7.0/gems/chef-16.6.14/lib/chef/application.rb:67:in `run'
/opt/chef-workstation/embedded/lib/ruby/gems/2.7.0/gems/chef-16.6.14/lib/chef/application/solo.rb:60:in `run'
/opt/chef-workstation/embedded/lib/ruby/gems/2.7.0/gems/chef-bin-16.6.14/bin/chef-solo:24:in `<top (required)>'
/usr/bin/chef-solo:352:in `load'
/usr/bin/chef-solo:352:in `<main>'

>>>> Caused by Mixlib::ShellOut::ShellCommandFailed: Expected process to exit with [0], but received '1'
---- Begin output of a2enmod mpm_prefork ----
STDOUT: Considering conflict mpm_event for mpm_prefork:
Considering conflict mpm_worker for mpm_prefork:
STDERR: ERROR: Module mpm_event is enabled - cannot proceed due to conflicts. It needs to be disabled first!
---- End output of a2enmod mpm_prefork ----
Ran a2enmod mpm_prefork returned 1
/opt/chef-workstation/embedded/lib/ruby/gems/2.7.0/gems/mixlib-shellout-3.2.0/lib/mixlib/shellout.rb:300:in `invalid!'
/opt/chef-workstation/embedded/lib/ruby/gems/2.7.0/gems/mixlib-shellout-3.2.0/lib/mixlib/shellout.rb:287:in `error!'
/opt/chef-workstation/embedded/lib/ruby/gems/2.7.0/gems/mixlib-shellout-3.2.0/lib/mixlib/shellout/helper.rb:130:in `shell_out_compacted!'
/opt/chef-workstation/embedded/lib/ruby/gems/2.7.0/gems/mixlib-shellout-3.2.0/lib/mixlib/shellout/helper.rb:54:in `shell_out!'
/opt/chef-workstation/embedded/lib/ruby/gems/2.7.0/gems/chef-16.6.14/lib/chef/provider/execute.rb:52:in `block (2 levels) in <class:Execute>'
/opt/chef-workstation/embedded/lib/ruby/gems/2.7.0/gems/chef-16.6.14/lib/chef/mixin/why_run.rb:51:in `add_action'
/opt/chef-workstation/embedded/lib/ruby/gems/2.7.0/gems/chef-16.6.14/lib/chef/provider.rb:265:in `converge_by'
/opt/chef-workstation/embedded/lib/ruby/gems/2.7.0/gems/chef-16.6.14/lib/chef/provider/execute.rb:50:in `block in <class:Execute>'
(eval):2:in `block in action_run'
/opt/chef-workstation/embedded/lib/ruby/gems/2.7.0/gems/chef-16.6.14/lib/chef/provider.rb:276:in `instance_eval'
/opt/chef-workstation/embedded/lib/ruby/gems/2.7.0/gems/chef-16.6.14/lib/chef/provider.rb:276:in `compile_and_converge_action'
(eval):2:in `action_run'
/opt/chef-workstation/embedded/lib/ruby/gems/2.7.0/gems/chef-16.6.14/lib/chef/provider.rb:217:in `run_action'
/opt/chef-workstation/embedded/lib/ruby/gems/2.7.0/gems/chef-16.6.14/lib/chef/resource.rb:599:in `block in run_action'
/opt/chef-workstation/embedded/lib/ruby/gems/2.7.0/gems/chef-16.6.14/lib/chef/resource.rb:626:in `with_umask'
/opt/chef-workstation/embedded/lib/ruby/gems/2.7.0/gems/chef-16.6.14/lib/chef/resource.rb:598:in `run_action'
/opt/chef-workstation/embedded/lib/ruby/gems/2.7.0/gems/chef-16.6.14/lib/chef/runner.rb:74:in `run_action'
/opt/chef-workstation/embedded/lib/ruby/gems/2.7.0/gems/chef-16.6.14/lib/chef/runner.rb:168:in `run_delayed_notification'
/opt/chef-workstation/embedded/lib/ruby/gems/2.7.0/gems/chef-16.6.14/lib/chef/runner.rb:155:in `block in run_delayed_notifications'
/opt/chef-workstation/embedded/lib/ruby/gems/2.7.0/gems/chef-16.6.14/lib/chef/runner.rb:154:in `each'
/opt/chef-workstation/embedded/lib/ruby/gems/2.7.0/gems/chef-16.6.14/lib/chef/runner.rb:154:in `run_delayed_notifications'
/opt/chef-workstation/embedded/lib/ruby/gems/2.7.0/gems/chef-16.6.14/lib/chef/runner.rb:144:in `converge'
/opt/chef-workstation/embedded/lib/ruby/gems/2.7.0/gems/chef-16.6.14/lib/chef/client.rb:684:in `block in converge'
/opt/chef-workstation/embedded/lib/ruby/gems/2.7.0/gems/chef-16.6.14/lib/chef/client.rb:679:in `catch'
/opt/chef-workstation/embedded/lib/ruby/gems/2.7.0/gems/chef-16.6.14/lib/chef/client.rb:679:in `converge'
/opt/chef-workstation/embedded/lib/ruby/gems/2.7.0/gems/chef-16.6.14/lib/chef/client.rb:703:in `converge_and_save'
/opt/chef-workstation/embedded/lib/ruby/gems/2.7.0/gems/chef-16.6.14/lib/chef/client.rb:283:in `run'
/opt/chef-workstation/embedded/lib/ruby/gems/2.7.0/gems/chef-16.6.14/lib/chef/application.rb:305:in `run_with_graceful_exit_option'
/opt/chef-workstation/embedded/lib/ruby/gems/2.7.0/gems/chef-16.6.14/lib/chef/application.rb:281:in `block in run_chef_client'
/opt/chef-workstation/embedded/lib/ruby/gems/2.7.0/gems/chef-16.6.14/lib/chef/local_mode.rb:42:in `with_server_connectivity'
/opt/chef-workstation/embedded/lib/ruby/gems/2.7.0/gems/chef-16.6.14/lib/chef/application.rb:264:in `run_chef_client'
/opt/chef-workstation/embedded/lib/ruby/gems/2.7.0/gems/chef-16.6.14/lib/chef/application/base.rb:337:in `run_application'
/opt/chef-workstation/embedded/lib/ruby/gems/2.7.0/gems/chef-16.6.14/lib/chef/application.rb:67:in `run'
/opt/chef-workstation/embedded/lib/ruby/gems/2.7.0/gems/chef-16.6.14/lib/chef/application/solo.rb:60:in `run'
/opt/chef-workstation/embedded/lib/ruby/gems/2.7.0/gems/chef-bin-16.6.14/bin/chef-solo:24:in `<top (required)>'
/usr/bin/chef-solo:352:in `load'
/usr/bin/chef-solo:352:in `<main>'